============================= test session starts ==============================
platform linux -- Python 3.10.12, pytest-8.4.1, pluggy-1.6.0 -- /usr/bin/python3
cachedir: .pytest_cache
rootdir: /mnt/sonny
plugins: anyio-4.9.0
collecting ... collected 5 items / 28 errors

==================================== ERRORS ====================================
___ ERROR collecting services/backend_core_service/tests/test_core_agent.py ____
ImportError while importing test module '/mnt/sonny/services/backend_core_service/tests/test_core_agent.py'.
Hint: make sure your test modules/packages have valid Python names.
Traceback:
/usr/lib/python3.10/importlib/__init__.py:126: in import_module
    return _bootstrap._gcd_import(name[level:], package, level)
services/backend_core_service/tests/test_core_agent.py:2: in <module>
    from backend.core.core_agent import run_agent, GoldAutomation, process_request
E   ModuleNotFoundError: No module named 'backend'
_ ERROR collecting services/backend_core_service/tests/test_core_agent_validation.py _
ImportError while importing test module '/mnt/sonny/services/backend_core_service/tests/test_core_agent_validation.py'.
Hint: make sure your test modules/packages have valid Python names.
Traceback:
/usr/lib/python3.10/importlib/__init__.py:126: in import_module
    return _bootstrap._gcd_import(name[level:], package, level)
services/backend_core_service/tests/test_core_agent_validation.py:5: in <module>
    from backend.core.core_agent import process_request
E   ModuleNotFoundError: No module named 'backend'
___ ERROR collecting services/backend_core_service/tests/test_core_tasks.py ____
ImportError while importing test module '/mnt/sonny/services/backend_core_service/tests/test_core_tasks.py'.
Hint: make sure your test modules/packages have valid Python names.
Traceback:
/usr/lib/python3.10/importlib/__init__.py:126: in import_module
    return _bootstrap._gcd_import(name[level:], package, level)
services/backend_core_service/tests/test_core_tasks.py:5: in <module>
    from backend.core.core_tasks import (
E   ModuleNotFoundError: No module named 'backend'
_ ERROR collecting services/backend_core_service/tests/test_core_tasks_validation.py _
ImportError while importing test module '/mnt/sonny/services/backend_core_service/tests/test_core_tasks_validation.py'.
Hint: make sure your test modules/packages have valid Python names.
Traceback:
/usr/lib/python3.10/importlib/__init__.py:126: in import_module
    return _bootstrap._gcd_import(name[level:], package, level)
services/backend_core_service/tests/test_core_tasks_validation.py:5: in <module>
    from backend.core.core_tasks import move_mouse, click, type_text
E   ModuleNotFoundError: No module named 'backend'
___ ERROR collecting services/backend_core_service/tests/test_core_utils.py ____
ImportError while importing test module '/mnt/sonny/services/backend_core_service/tests/test_core_utils.py'.
Hint: make sure your test modules/packages have valid Python names.
Traceback:
/usr/lib/python3.10/importlib/__init__.py:126: in import_module
    return _bootstrap._gcd_import(name[level:], package, level)
services/backend_core_service/tests/test_core_utils.py:1: in <module>
    from backend.core.core_utils import helper
E   ModuleNotFoundError: No module named 'backend'
_ ERROR collecting services/backend_core_service/tests/test_process_request_symbolic.py _
ImportError while importing test module '/mnt/sonny/services/backend_core_service/tests/test_process_request_symbolic.py'.
Hint: make sure your test modules/packages have valid Python names.
Traceback:
/usr/lib/python3.10/importlib/__init__.py:126: in import_module
    return _bootstrap._gcd_import(name[level:], package, level)
services/backend_core_service/tests/test_process_request_symbolic.py:4: in <module>
    from backend.core.core_agent import process_request, symbolic_state
E   ModuleNotFoundError: No module named 'backend'
_ ERROR collecting services/backend_core_service/tests/test_symbolic_state.py __
ImportError while importing test module '/mnt/sonny/services/backend_core_service/tests/test_symbolic_state.py'.
Hint: make sure your test modules/packages have valid Python names.
Traceback:
/usr/lib/python3.10/importlib/__init__.py:126: in import_module
    return _bootstrap._gcd_import(name[level:], package, level)
services/backend_core_service/tests/test_symbolic_state.py:4: in <module>
    from backend.core.core_agent import symbolic_state, SymbolicState
E   ModuleNotFoundError: No module named 'backend'
_______ ERROR collecting services/frontend_service/tests/test_app_ui.py ________
ImportError while importing test module '/mnt/sonny/services/frontend_service/tests/test_app_ui.py'.
Hint: make sure your test modules/packages have valid Python names.
Traceback:
/usr/lib/python3.10/importlib/__init__.py:126: in import_module
    return _bootstrap._gcd_import(name[level:], package, level)
services/frontend_service/tests/test_app_ui.py:4: in <module>
    import frontend.app as app
E   ModuleNotFoundError: No module named 'frontend'
______ ERROR collecting services/frontend_service/tests/test_frontend.py _______
ImportError while importing test module '/mnt/sonny/services/frontend_service/tests/test_frontend.py'.
Hint: make sure your test modules/packages have valid Python names.
Traceback:
/usr/lib/python3.10/importlib/__init__.py:126: in import_module
    return _bootstrap._gcd_import(name[level:], package, level)
services/frontend_service/tests/test_frontend.py:5: in <module>
    import frontend.app as app
E   ModuleNotFoundError: No module named 'frontend'
_ ERROR collecting services/frontend_service/tests/test_frontend_expanders.py __
ImportError while importing test module '/mnt/sonny/services/frontend_service/tests/test_frontend_expanders.py'.
Hint: make sure your test modules/packages have valid Python names.
Traceback:
/usr/lib/python3.10/importlib/__init__.py:126: in import_module
    return _bootstrap._gcd_import(name[level:], package, level)
services/frontend_service/tests/test_frontend_expanders.py:5: in <module>
    from frontend.components.home import home_page
E   ModuleNotFoundError: No module named 'frontend'
______ ERROR collecting services/frontend_service/tests/test_home_page.py ______
ImportError while importing test module '/mnt/sonny/services/frontend_service/tests/test_home_page.py'.
Hint: make sure your test modules/packages have valid Python names.
Traceback:
/usr/lib/python3.10/importlib/__init__.py:126: in import_module
    return _bootstrap._gcd_import(name[level:], package, level)
services/frontend_service/tests/test_home_page.py:5: in <module>
    from frontend.components.home import home_page
E   ModuleNotFoundError: No module named 'frontend'
_ ERROR collecting services/symbolic_ai_service/tests/test_autonomous_gold.py __
ImportError while importing test module '/mnt/sonny/services/symbolic_ai_service/tests/test_autonomous_gold.py'.
Hint: make sure your test modules/packages have valid Python names.
Traceback:
/usr/lib/python3.10/importlib/__init__.py:126: in import_module
    return _bootstrap._gcd_import(name[level:], package, level)
services/symbolic_ai_service/tests/test_autonomous_gold.py:4: in <module>
    from backend.core.autonomous_agent import AutonomousAgent
E   ModuleNotFoundError: No module named 'backend'
___ ERROR collecting services/symbolic_ai_service/tests/test_cinnabar_nlu.py ___
ImportError while importing test module '/mnt/sonny/services/symbolic_ai_service/tests/test_cinnabar_nlu.py'.
Hint: make sure your test modules/packages have valid Python names.
Traceback:
/usr/lib/python3.10/importlib/__init__.py:126: in import_module
    return _bootstrap._gcd_import(name[level:], package, level)
services/symbolic_ai_service/tests/test_cinnabar_nlu.py:5: in <module>
    from backend.cinnabar.nlu import interpret_input
E   ModuleNotFoundError: No module named 'backend'
_ ERROR collecting services/symbolic_ai_service/tests/test_cinnabar_response.py _
ImportError while importing test module '/mnt/sonny/services/symbolic_ai_service/tests/test_cinnabar_response.py'.
Hint: make sure your test modules/packages have valid Python names.
Traceback:
/usr/lib/python3.10/importlib/__init__.py:126: in import_module
    return _bootstrap._gcd_import(name[level:], package, level)
services/symbolic_ai_service/tests/test_cinnabar_response.py:5: in <module>
    from backend.cinnabar.response import generate_response
E   ModuleNotFoundError: No module named 'backend'
_ ERROR collecting services/symbolic_ai_service/tests/test_cinnabar_symbolic_integration.py _
ImportError while importing test module '/mnt/sonny/services/symbolic_ai_service/tests/test_cinnabar_symbolic_integration.py'.
Hint: make sure your test modules/packages have valid Python names.
Traceback:
/usr/lib/python3.10/importlib/__init__.py:126: in import_module
    return _bootstrap._gcd_import(name[level:], package, level)
services/symbolic_ai_service/tests/test_cinnabar_symbolic_integration.py:6: in <module>
    from backend.cinnabar.nlu import interpret_input
E   ModuleNotFoundError: No module named 'backend'
_ ERROR collecting services/symbolic_ai_service/tests/test_dynamic_autonomy.py _
ImportError while importing test module '/mnt/sonny/services/symbolic_ai_service/tests/test_dynamic_autonomy.py'.
Hint: make sure your test modules/packages have valid Python names.
Traceback:
/usr/lib/python3.10/importlib/__init__.py:126: in import_module
    return _bootstrap._gcd_import(name[level:], package, level)
services/symbolic_ai_service/tests/test_dynamic_autonomy.py:4: in <module>
    from backend.core.core_agent import AnimatedMercury, symbolic_state
E   ModuleNotFoundError: No module named 'backend'
_________ ERROR collecting tests/test_animated_mercury_integration.py __________
ImportError while importing test module '/mnt/sonny/tests/test_animated_mercury_integration.py'.
Hint: make sure your test modules/packages have valid Python names.
Traceback:
/usr/lib/python3.10/importlib/__init__.py:126: in import_module
    return _bootstrap._gcd_import(name[level:], package, level)
tests/test_animated_mercury_integration.py:5: in <module>
    from backend.core.core_agent import AnimatedMercury, symbolic_state
E   ModuleNotFoundError: No module named 'backend'
____________________ ERROR collecting tests/test_app_ui.py _____________________
ImportError while importing test module '/mnt/sonny/tests/test_app_ui.py'.
Hint: make sure your test modules/packages have valid Python names.
Traceback:
frontend/app.py:11: in <module>
    from components.home import home_page
E   ModuleNotFoundError: No module named 'components'

During handling of the above exception, another exception occurred:
/usr/lib/python3.10/importlib/__init__.py:126: in import_module
    return _bootstrap._gcd_import(name[level:], package, level)
tests/test_app_ui.py:4: in <module>
    import frontend.app as app
frontend/app.py:17: in <module>
    from components.home import home_page
E   ModuleNotFoundError: No module named 'components'
_________________ ERROR collecting tests/test_cinnabar_nlu.py __________________
ImportError while importing test module '/mnt/sonny/tests/test_cinnabar_nlu.py'.
Hint: make sure your test modules/packages have valid Python names.
Traceback:
/usr/lib/python3.10/importlib/__init__.py:126: in import_module
    return _bootstrap._gcd_import(name[level:], package, level)
tests/test_cinnabar_nlu.py:5: in <module>
    from backend.cinnabar.nlu import interpret_input
E   ModuleNotFoundError: No module named 'backend'
_______________ ERROR collecting tests/test_cinnabar_response.py _______________
ImportError while importing test module '/mnt/sonny/tests/test_cinnabar_response.py'.
Hint: make sure your test modules/packages have valid Python names.
Traceback:
/usr/lib/python3.10/importlib/__init__.py:126: in import_module
    return _bootstrap._gcd_import(name[level:], package, level)
tests/test_cinnabar_response.py:5: in <module>
    from backend.cinnabar.response import generate_response
E   ModuleNotFoundError: No module named 'backend'
_________ ERROR collecting tests/test_cinnabar_symbolic_integration.py _________
ImportError while importing test module '/mnt/sonny/tests/test_cinnabar_symbolic_integration.py'.
Hint: make sure your test modules/packages have valid Python names.
Traceback:
/usr/lib/python3.10/importlib/__init__.py:126: in import_module
    return _bootstrap._gcd_import(name[level:], package, level)
tests/test_cinnabar_symbolic_integration.py:6: in <module>
    from backend.cinnabar.nlu import interpret_input
E   ModuleNotFoundError: No module named 'backend'
___________________ ERROR collecting tests/test_frontend.py ____________________
ImportError while importing test module '/mnt/sonny/tests/test_frontend.py'.
Hint: make sure your test modules/packages have valid Python names.
Traceback:
frontend/app.py:11: in <module>
    from components.home import home_page
E   ModuleNotFoundError: No module named 'components'

During handling of the above exception, another exception occurred:
/usr/lib/python3.10/importlib/__init__.py:126: in import_module
    return _bootstrap._gcd_import(name[level:], package, level)
tests/test_frontend.py:5: in <module>
    import frontend.app as app
frontend/app.py:17: in <module>
    from components.home import home_page
E   ModuleNotFoundError: No module named 'components'
______________ ERROR collecting tests/test_frontend_expanders.py _______________
ImportError while importing test module '/mnt/sonny/tests/test_frontend_expanders.py'.
Hint: make sure your test modules/packages have valid Python names.
Traceback:
/usr/lib/python3.10/importlib/__init__.py:126: in import_module
    return _bootstrap._gcd_import(name[level:], package, level)
tests/test_frontend_expanders.py:5: in <module>
    from frontend.components.home import home_page
frontend/components/home.py:5: in <module>
    from backend.core.core_agent import symbolic_state
E   ModuleNotFoundError: No module named 'backend'
___________________ ERROR collecting tests/test_home_page.py ___________________
ImportError while importing test module '/mnt/sonny/tests/test_home_page.py'.
Hint: make sure your test modules/packages have valid Python names.
Traceback:
/usr/lib/python3.10/importlib/__init__.py:126: in import_module
    return _bootstrap._gcd_import(name[level:], package, level)
tests/test_home_page.py:5: in <module>
    from frontend.components.home import home_page
frontend/components/home.py:5: in <module>
    from backend.core.core_agent import symbolic_state
E   ModuleNotFoundError: No module named 'backend'
__________________ ERROR collecting tests/test_integration.py __________________
ImportError while importing test module '/mnt/sonny/tests/test_integration.py'.
Hint: make sure your test modules/packages have valid Python names.
Traceback:
/usr/lib/python3.10/importlib/__init__.py:126: in import_module
    return _bootstrap._gcd_import(name[level:], package, level)
tests/test_integration.py:5: in <module>
    from backend.core.core_agent import SilverAutomation, GoldAutomation
E   ModuleNotFoundError: No module named 'backend'
_____________ ERROR collecting tests/test_integration_vigorous.py ______________
ImportError while importing test module '/mnt/sonny/tests/test_integration_vigorous.py'.
Hint: make sure your test modules/packages have valid Python names.
Traceback:
frontend/app.py:11: in <module>
    from components.home import home_page
E   ModuleNotFoundError: No module named 'components'

During handling of the above exception, another exception occurred:
/usr/lib/python3.10/importlib/__init__.py:126: in import_module
    return _bootstrap._gcd_import(name[level:], package, level)
tests/test_integration_vigorous.py:5: in <module>
    from frontend.app import silver_ui, gold_ui, cinnabar_ui, combined_ui, main as app_main
frontend/app.py:17: in <module>
    from components.home import home_page
E   ModuleNotFoundError: No module named 'components'
_______ ERROR collecting tests/test_service_availability_performance.py ________
ImportError while importing test module '/mnt/sonny/tests/test_service_availability_performance.py'.
Hint: make sure your test modules/packages have valid Python names.
Traceback:
/usr/lib/python3.10/importlib/__init__.py:126: in import_module
    return _bootstrap._gcd_import(name[level:], package, level)
tests/test_service_availability_performance.py:5: in <module>
    from services.frontend_service.frontend_flask import app as frontend_app
E   ModuleNotFoundError: No module named 'services.frontend_service.frontend_flask'
__________ ERROR collecting tests/test_symbolic_advanced_features.py ___________
ImportError while importing test module '/mnt/sonny/tests/test_symbolic_advanced_features.py'.
Hint: make sure your test modules/packages have valid Python names.
Traceback:
/usr/lib/python3.10/importlib/__init__.py:126: in import_module
    return _bootstrap._gcd_import(name[level:], package, level)
tests/test_symbolic_advanced_features.py:5: in <module>
    from services.symbolic_ai_service.backend.symbolic_service import app as symbolic_app
E   ImportError: cannot import name 'app' from 'services.symbolic_ai_service.backend.symbolic_service' (/mnt/sonny/services/symbolic_ai_service/backend/symbolic_service.py)
=========================== short test summary info ============================
ERROR services/backend_core_service/tests/test_core_agent.py
ERROR services/backend_core_service/tests/test_core_agent_validation.py
ERROR services/backend_core_service/tests/test_core_tasks.py
ERROR services/backend_core_service/tests/test_core_tasks_validation.py
ERROR services/backend_core_service/tests/test_core_utils.py
ERROR services/backend_core_service/tests/test_process_request_symbolic.py
ERROR services/backend_core_service/tests/test_symbolic_state.py
ERROR services/frontend_service/tests/test_app_ui.py
ERROR services/frontend_service/tests/test_frontend.py
ERROR services/frontend_service/tests/test_frontend_expanders.py
ERROR services/frontend_service/tests/test_home_page.py
ERROR services/symbolic_ai_service/tests/test_autonomous_gold.py
ERROR services/symbolic_ai_service/tests/test_cinnabar_nlu.py
ERROR services/symbolic_ai_service/tests/test_cinnabar_response.py
ERROR services/symbolic_ai_service/tests/test_cinnabar_symbolic_integration.py
ERROR services/symbolic_ai_service/tests/test_dynamic_autonomy.py
ERROR tests/test_animated_mercury_integration.py
ERROR tests/test_app_ui.py
ERROR tests/test_cinnabar_nlu.py
ERROR tests/test_cinnabar_response.py
ERROR tests/test_cinnabar_symbolic_integration.py
ERROR tests/test_frontend.py
ERROR tests/test_frontend_expanders.py
ERROR tests/test_home_page.py
ERROR tests/test_integration.py
ERROR tests/test_integration_vigorous.py
ERROR tests/test_service_availability_performance.py
ERROR tests/test_symbolic_advanced_features.py
!!!!!!!!!!!!!!!!!!! Interrupted: 28 errors during collection !!!!!!!!!!!!!!!!!!!
============================== 28 errors in 1.44s ==============================
